<?xml version="1.0" encoding="UTF-8"?>
<!-- Generated by org.testng.reporters.JUnitReportReporter -->
<testsuite hostname="NODE516" name="com.gspann.selenium.SeleniumFlipcartTest" tests="1" failures="0" timestamp="3 Aug 2016 11:55:14 GMT" time="37.033" errors="0">
  <testcase name="test1" time="37.033" classname="com.gspann.selenium.SeleniumFlipcartTest"/>
</testsuite> <!-- com.gspann.selenium.SeleniumFlipcartTest -->
