<?xml version="1.0" encoding="UTF-8"?>
<!-- Generated by org.testng.reporters.JUnitReportReporter -->
<testsuite hostname="NODE516" name="com.gspann.selenium.SeleniumTest1" tests="1" failures="0" timestamp="3 Aug 2016 07:49:28 GMT" time="19.012" errors="0">
  <testcase name="test1" time="19.012" classname="com.gspann.selenium.SeleniumTest1"/>
</testsuite> <!-- com.gspann.selenium.SeleniumTest1 -->
