<?xml version="1.0" encoding="UTF-8"?>
<!-- Generated by org.testng.reporters.JUnitReportReporter -->
<testsuite hostname="NODE516" name="com.gspann.selenium.SeleniumIrctTest" tests="6" failures="0" timestamp="24 Aug 2016 11:37:26 GMT" time="133.042" errors="0">
  <testcase name="test1" time="69.736" classname="com.gspann.selenium.SeleniumIrctTest"/>
  <testcase name="test" time="0.047" classname="com.gspann.selenium.SeleniumIrctTest"/>
  <testcase name="test" time="0.066" classname="com.gspann.selenium.SeleniumIrctTest"/>
  <testcase name="test" time="0.061" classname="com.gspann.selenium.SeleniumIrctTest"/>
  <testcase name="test1" time="63.059" classname="com.gspann.selenium.SeleniumIrctTest"/>
  <testcase name="test" time="0.073" classname="com.gspann.selenium.SeleniumIrctTest"/>
</testsuite> <!-- com.gspann.selenium.SeleniumIrctTest -->
