<?xml version="1.0" encoding="UTF-8"?>
<!-- Generated by org.testng.reporters.JUnitReportReporter -->
<testsuite hostname="NODE516" name="com.gspann.selenium.SeleniumTest2" tests="1" failures="0" timestamp="29 Jul 2016 05:47:23 GMT" time="20.634" errors="0">
  <testcase name="test2" time="20.634" classname="com.gspann.selenium.SeleniumTest2"/>
</testsuite> <!-- com.gspann.selenium.SeleniumTest2 -->
