<?xml version="1.0" encoding="UTF-8"?>
<!-- Generated by org.testng.reporters.JUnitReportReporter -->
<testsuite hostname="NODE516" name="com.gspann.selenium.SeleniumGrid" tests="1" failures="0" timestamp="25 Aug 2016 10:35:51 GMT" time="12.012" errors="0">
  <testcase name="t1" time="12.012" classname="com.gspann.selenium.SeleniumGrid"/>
</testsuite> <!-- com.gspann.selenium.SeleniumGrid -->
