<?xml version="1.0" encoding="UTF-8"?>
<!-- Generated by org.testng.reporters.JUnitReportReporter -->
<testsuite hostname="NODE516" name="com.excel.gspann.com.ExcelTest" tests="1" failures="0" timestamp="13 Aug 2016 12:07:55 GMT" time="0.000" errors="0">
  <testcase name="test" time="0.000" classname="com.excel.gspann.com.ExcelTest"/>
</testsuite> <!-- com.excel.gspann.com.ExcelTest -->
